<?xml version="1.0" encoding="UTF-8"?>
<coverage generated="1672829919291" clover="3.2.0">
  <project timestamp="1672829919291" name="All files">
    <metrics statements="57" coveredstatements="47" conditionals="23" coveredconditionals="13" methods="16" coveredmethods="11" elements="96" coveredelements="71" complexity="0" loc="57" ncloc="57" packages="1" files="1" classes="1"/>
    <file name="index.ts" path="/Users/nicktaras/Documents/github/state-driver/index.ts">
      <metrics statements="57" coveredstatements="47" conditionals="23" coveredconditionals="13" methods="16" coveredmethods="11"/>
      <line num="2" count="1" type="stmt"/>
      <line num="11" count="13" type="stmt"/>
      <line num="12" count="13" type="stmt"/>
      <line num="13" count="13" type="cond" truecount="2" falsecount="0"/>
      <line num="14" count="2" type="stmt"/>
      <line num="16" count="11" type="stmt"/>
      <line num="27" count="1" type="stmt"/>
      <line num="28" count="1" type="stmt"/>
      <line num="29" count="1" type="stmt"/>
      <line num="33" count="1" type="stmt"/>
      <line num="34" count="1" type="stmt"/>
      <line num="38" count="1" type="stmt"/>
      <line num="39" count="10" type="cond" truecount="1" falsecount="0"/>
      <line num="40" count="1" type="stmt"/>
      <line num="42" count="9" type="cond" truecount="2" falsecount="0"/>
      <line num="43" count="9" type="stmt"/>
      <line num="48" count="1" type="stmt"/>
      <line num="49" count="11" type="cond" truecount="1" falsecount="0"/>
      <line num="50" count="1" type="stmt"/>
      <line num="52" count="10" type="cond" truecount="2" falsecount="0"/>
      <line num="53" count="3" type="stmt"/>
      <line num="55" count="7" type="stmt"/>
      <line num="57" count="10" type="stmt"/>
      <line num="63" count="1" type="stmt"/>
      <line num="64" count="3" type="cond" truecount="1" falsecount="0"/>
      <line num="65" count="1" type="stmt"/>
      <line num="67" count="2" type="cond" truecount="1" falsecount="0"/>
      <line num="68" count="1" type="stmt"/>
      <line num="70" count="1" type="cond" truecount="1" falsecount="1"/>
      <line num="71" count="1" type="stmt"/>
      <line num="75" count="1" type="stmt"/>
      <line num="76" count="3" type="cond" truecount="0" falsecount="1"/>
      <line num="77" count="3" type="stmt"/>
      <line num="81" count="1" type="stmt"/>
      <line num="82" count="0" type="cond" truecount="0" falsecount="1"/>
      <line num="83" count="0" type="cond" truecount="0" falsecount="1"/>
      <line num="84" count="0" type="stmt"/>
      <line num="88" count="1" type="stmt"/>
      <line num="89" count="2" type="cond" truecount="0" falsecount="1"/>
      <line num="90" count="2" type="cond" truecount="1" falsecount="1"/>
      <line num="91" count="2" type="stmt"/>
      <line num="95" count="1" type="stmt"/>
      <line num="96" count="0" type="cond" truecount="0" falsecount="1"/>
      <line num="97" count="0" type="stmt"/>
      <line num="99" count="0" type="stmt"/>
      <line num="100" count="0" type="stmt"/>
      <line num="104" count="1" type="stmt"/>
      <line num="105" count="0" type="cond" truecount="0" falsecount="1"/>
      <line num="106" count="0" type="cond" truecount="0" falsecount="2"/>
      <line num="110" count="1" type="stmt"/>
      <line num="111" count="25" type="stmt"/>
      <line num="112" count="25" type="stmt"/>
      <line num="116" count="75" type="stmt"/>
      <line num="117" count="25" type="stmt"/>
      <line num="118" count="25" type="cond" truecount="1" falsecount="0"/>
      <line num="119" count="0" type="stmt"/>
      <line num="122" count="1" type="stmt"/>
    </file>
  </project>
</coverage>
