<?xml version="1.0" encoding="UTF-8"?>
<coverage generated="1672924895113" clover="3.2.0">
  <project timestamp="1672924895113" name="All files">
    <metrics statements="66" coveredstatements="59" conditionals="24" coveredconditionals="14" methods="17" coveredmethods="13" elements="107" coveredelements="86" complexity="0" loc="66" ncloc="66" packages="1" files="1" classes="1"/>
    <file name="index.ts" path="/Users/nicktaras/Documents/github/state-driver/index.ts">
      <metrics statements="66" coveredstatements="59" conditionals="24" coveredconditionals="14" methods="17" coveredmethods="13"/>
      <line num="2" count="1" type="stmt"/>
      <line num="10" count="19" type="stmt"/>
      <line num="11" count="19" type="stmt"/>
      <line num="12" count="19" type="cond" truecount="2" falsecount="0"/>
      <line num="13" count="2" type="stmt"/>
      <line num="15" count="17" type="stmt"/>
      <line num="26" count="1" type="stmt"/>
      <line num="27" count="1" type="stmt"/>
      <line num="28" count="1" type="stmt"/>
      <line num="32" count="1" type="stmt"/>
      <line num="33" count="1" type="stmt"/>
      <line num="37" count="16" type="cond" truecount="1" falsecount="0"/>
      <line num="38" count="15" type="cond" truecount="1" falsecount="0"/>
      <line num="39" count="1" type="stmt"/>
      <line num="41" count="14" type="stmt"/>
      <line num="42" count="14" type="stmt"/>
      <line num="47" count="1" type="stmt"/>
      <line num="48" count="23" type="cond" truecount="1" falsecount="0"/>
      <line num="49" count="1" type="stmt"/>
      <line num="51" count="22" type="cond" truecount="2" falsecount="0"/>
      <line num="52" count="3" type="stmt"/>
      <line num="54" count="19" type="stmt"/>
      <line num="55" count="19" type="stmt"/>
      <line num="57" count="22" type="stmt"/>
      <line num="63" count="1" type="stmt"/>
      <line num="64" count="3" type="cond" truecount="1" falsecount="0"/>
      <line num="65" count="1" type="stmt"/>
      <line num="67" count="2" type="cond" truecount="1" falsecount="0"/>
      <line num="68" count="1" type="stmt"/>
      <line num="70" count="1" type="cond" truecount="1" falsecount="1"/>
      <line num="71" count="1" type="stmt"/>
      <line num="74" count="1" type="stmt"/>
      <line num="75" count="8" type="cond" truecount="1" falsecount="0"/>
      <line num="76" count="1" type="stmt"/>
      <line num="78" count="7" type="cond" truecount="1" falsecount="0"/>
      <line num="79" count="1" type="stmt"/>
      <line num="81" count="6" type="stmt"/>
      <line num="82" count="6" type="stmt"/>
      <line num="83" count="6" type="stmt"/>
      <line num="87" count="1" type="stmt"/>
      <line num="88" count="6" type="cond" truecount="0" falsecount="1"/>
      <line num="89" count="6" type="stmt"/>
      <line num="93" count="1" type="stmt"/>
      <line num="94" count="1" type="cond" truecount="0" falsecount="1"/>
      <line num="95" count="1" type="cond" truecount="0" falsecount="1"/>
      <line num="96" count="1" type="stmt"/>
      <line num="100" count="1" type="stmt"/>
      <line num="101" count="2" type="cond" truecount="0" falsecount="1"/>
      <line num="102" count="2" type="cond" truecount="1" falsecount="1"/>
      <line num="103" count="2" type="stmt"/>
      <line num="107" count="1" type="stmt"/>
      <line num="108" count="0" type="cond" truecount="0" falsecount="1"/>
      <line num="109" count="0" type="stmt"/>
      <line num="111" count="0" type="stmt"/>
      <line num="112" count="0" type="stmt"/>
      <line num="116" count="1" type="stmt"/>
      <line num="117" count="0" type="cond" truecount="0" falsecount="1"/>
      <line num="118" count="0" type="cond" truecount="0" falsecount="2"/>
      <line num="122" count="1" type="stmt"/>
      <line num="123" count="52" type="stmt"/>
      <line num="124" count="52" type="stmt"/>
      <line num="128" count="156" type="stmt"/>
      <line num="129" count="52" type="stmt"/>
      <line num="130" count="52" type="cond" truecount="1" falsecount="0"/>
      <line num="131" count="0" type="stmt"/>
      <line num="134" count="1" type="stmt"/>
    </file>
  </project>
</coverage>
