{"/Users/nicktaras/Documents/github/state-driver/index.ts": {"path":"/Users/nicktaras/Documents/github/state-driver/index.ts","statementMap":{"0":{"start":{"line":2,"column":0},"end":{"line":2,"column":null}},"1":{"start":{"line":11,"column":4},"end":{"line":11,"column":20}},"2":{"start":{"line":12,"column":4},"end":{"line":12,"column":null}},"3":{"start":{"line":13,"column":4},"end":{"line":23,"column":null}},"4":{"start":{"line":14,"column":6},"end":{"line":14,"column":38}},"5":{"start":{"line":16,"column":6},"end":{"line":22,"column":8}},"6":{"start":{"line":27,"column":9},"end":{"line":30,"column":null}},"7":{"start":{"line":28,"column":4},"end":{"line":28,"column":28}},"8":{"start":{"line":29,"column":4},"end":{"line":29,"column":27}},"9":{"start":{"line":33,"column":9},"end":{"line":35,"column":null}},"10":{"start":{"line":34,"column":4},"end":{"line":34,"column":27}},"11":{"start":{"line":38,"column":9},"end":{"line":44,"column":null}},"12":{"start":{"line":39,"column":4},"end":{"line":41,"column":null}},"13":{"start":{"line":40,"column":6},"end":{"line":40,"column":51}},"14":{"start":{"line":42,"column":4},"end":{"line":42,"column":95}},"15":{"start":{"line":43,"column":4},"end":{"line":43,"column":89}},"16":{"start":{"line":48,"column":9},"end":{"line":58,"column":null}},"17":{"start":{"line":49,"column":4},"end":{"line":51,"column":null}},"18":{"start":{"line":50,"column":6},"end":{"line":50,"column":45}},"19":{"start":{"line":52,"column":4},"end":{"line":56,"column":null}},"20":{"start":{"line":53,"column":6},"end":{"line":53,"column":49}},"21":{"start":{"line":55,"column":6},"end":{"line":55,"column":54}},"22":{"start":{"line":57,"column":4},"end":{"line":57,"column":97}},"23":{"start":{"line":63,"column":9},"end":{"line":72,"column":null}},"24":{"start":{"line":64,"column":4},"end":{"line":66,"column":null}},"25":{"start":{"line":65,"column":6},"end":{"line":65,"column":45}},"26":{"start":{"line":67,"column":4},"end":{"line":69,"column":null}},"27":{"start":{"line":68,"column":6},"end":{"line":68,"column":46}},"28":{"start":{"line":70,"column":27},"end":{"line":70,"column":141}},"29":{"start":{"line":71,"column":4},"end":{"line":71,"column":110}},"30":{"start":{"line":75,"column":9},"end":{"line":78,"column":null}},"31":{"start":{"line":76,"column":4},"end":{"line":76,"column":75}},"32":{"start":{"line":76,"column":36},"end":{"line":76,"column":75}},"33":{"start":{"line":77,"column":4},"end":{"line":77,"column":94}},"34":{"start":{"line":81,"column":9},"end":{"line":85,"column":null}},"35":{"start":{"line":82,"column":4},"end":{"line":82,"column":75}},"36":{"start":{"line":82,"column":36},"end":{"line":82,"column":75}},"37":{"start":{"line":83,"column":4},"end":{"line":83,"column":97}},"38":{"start":{"line":83,"column":57},"end":{"line":83,"column":97}},"39":{"start":{"line":84,"column":4},"end":{"line":84,"column":151}},"40":{"start":{"line":88,"column":9},"end":{"line":92,"column":null}},"41":{"start":{"line":89,"column":4},"end":{"line":89,"column":null}},"42":{"start":{"line":89,"column":38},"end":{"line":89,"column":77}},"43":{"start":{"line":90,"column":23},"end":{"line":90,"column":129}},"44":{"start":{"line":91,"column":4},"end":{"line":91,"column":128}},"45":{"start":{"line":95,"column":9},"end":{"line":101,"column":null}},"46":{"start":{"line":95,"column":2},"end":{"line":95,"column":9}},"47":{"start":{"line":96,"column":4},"end":{"line":96,"column":null}},"48":{"start":{"line":96,"column":35},"end":{"line":96,"column":null}},"49":{"start":{"line":97,"column":18},"end":{"line":97,"column":31}},"50":{"start":{"line":99,"column":4},"end":{"line":99,"column":42}},"51":{"start":{"line":100,"column":4},"end":{"line":100,"column":null}},"52":{"start":{"line":100,"column":17},"end":{"line":100,"column":null}},"53":{"start":{"line":104,"column":9},"end":{"line":107,"column":null}},"54":{"start":{"line":105,"column":4},"end":{"line":105,"column":48}},"55":{"start":{"line":105,"column":15},"end":{"line":105,"column":48}},"56":{"start":{"line":106,"column":4},"end":{"line":106,"column":75}},"57":{"start":{"line":110,"column":10},"end":{"line":113,"column":null}},"58":{"start":{"line":111,"column":4},"end":{"line":111,"column":61}},"59":{"start":{"line":112,"column":4},"end":{"line":112,"column":17}},"60":{"start":{"line":116,"column":10},"end":{"line":120,"column":null}},"61":{"start":{"line":116,"column":26},"end":{"line":116,"column":33}},"62":{"start":{"line":117,"column":17},"end":{"line":117,"column":42}},"63":{"start":{"line":118,"column":4},"end":{"line":118,"column":31}},"64":{"start":{"line":118,"column":16},"end":{"line":118,"column":30}},"65":{"start":{"line":119,"column":4},"end":{"line":119,"column":59}},"66":{"start":{"line":119,"column":45},"end":{"line":119,"column":57}},"67":{"start":{"line":122,"column":0},"end":{"line":122,"column":null}}},"fnMap":{"0":{"name":"(anonymous_2)","decl":{"start":{"line":2,"column":0},"end":{"line":2,"column":null}},"loc":{"start":{"line":2,"column":0},"end":{"line":122,"column":null}}},"1":{"name":"StateDriver","decl":{"start":{"line":10,"column":2},"end":{"line":10,"column":14}},"loc":{"start":{"line":10,"column":31},"end":{"line":24,"column":3}}},"2":{"name":"(anonymous_4)","decl":{"start":{"line":27,"column":2},"end":{"line":27,"column":9}},"loc":{"start":{"line":27,"column":26},"end":{"line":30,"column":3}}},"3":{"name":"(anonymous_5)","decl":{"start":{"line":33,"column":2},"end":{"line":33,"column":9}},"loc":{"start":{"line":33,"column":2},"end":{"line":35,"column":3}}},"4":{"name":"(anonymous_6)","decl":{"start":{"line":38,"column":2},"end":{"line":38,"column":9}},"loc":{"start":{"line":38,"column":57},"end":{"line":44,"column":3}}},"5":{"name":"(anonymous_7)","decl":{"start":{"line":48,"column":2},"end":{"line":48,"column":9}},"loc":{"start":{"line":48,"column":53},"end":{"line":58,"column":3}}},"6":{"name":"(anonymous_8)","decl":{"start":{"line":63,"column":2},"end":{"line":63,"column":9}},"loc":{"start":{"line":63,"column":61},"end":{"line":72,"column":3}}},"7":{"name":"(anonymous_9)","decl":{"start":{"line":75,"column":2},"end":{"line":75,"column":9}},"loc":{"start":{"line":75,"column":39},"end":{"line":78,"column":3}}},"8":{"name":"(anonymous_10)","decl":{"start":{"line":81,"column":2},"end":{"line":81,"column":9}},"loc":{"start":{"line":81,"column":42},"end":{"line":85,"column":3}}},"9":{"name":"(anonymous_11)","decl":{"start":{"line":88,"column":2},"end":{"line":88,"column":9}},"loc":{"start":{"line":88,"column":83},"end":{"line":92,"column":3}}},"10":{"name":"(anonymous_12)","decl":{"start":{"line":95,"column":2},"end":{"line":95,"column":9}},"loc":{"start":{"line":95,"column":29},"end":{"line":101,"column":3}}},"11":{"name":"(anonymous_13)","decl":{"start":{"line":100,"column":11},"end":{"line":100,"column":17}},"loc":{"start":{"line":100,"column":11},"end":{"line":100,"column":21}}},"12":{"name":"(anonymous_14)","decl":{"start":{"line":104,"column":2},"end":{"line":104,"column":9}},"loc":{"start":{"line":104,"column":34},"end":{"line":107,"column":3}}},"13":{"name":"(anonymous_15)","decl":{"start":{"line":110,"column":2},"end":{"line":110,"column":10}},"loc":{"start":{"line":110,"column":68},"end":{"line":113,"column":3}}},"14":{"name":"(anonymous_16)","decl":{"start":{"line":116,"column":2},"end":{"line":116,"column":10}},"loc":{"start":{"line":116,"column":24},"end":{"line":120,"column":3}}},"15":{"name":"(anonymous_17)","decl":{"start":{"line":119,"column":32},"end":{"line":119,"column":33}},"loc":{"start":{"line":119,"column":40},"end":{"line":119,"column":48}}}},"branchMap":{"0":{"loc":{"start":{"line":13,"column":4},"end":{"line":23,"column":null}},"type":"if","locations":[{"start":{"line":13,"column":4},"end":{"line":23,"column":null}},{"start":{"line":15,"column":11},"end":{"line":23,"column":null}}]},"1":{"loc":{"start":{"line":39,"column":4},"end":{"line":41,"column":null}},"type":"if","locations":[{"start":{"line":39,"column":4},"end":{"line":41,"column":null}}]},"2":{"loc":{"start":{"line":42,"column":47},"end":{"line":42,"column":81}},"type":"cond-expr","locations":[{"start":{"line":42,"column":69},"end":{"line":42,"column":73}},{"start":{"line":42,"column":76},"end":{"line":42,"column":81}}]},"3":{"loc":{"start":{"line":49,"column":4},"end":{"line":51,"column":null}},"type":"if","locations":[{"start":{"line":49,"column":4},"end":{"line":51,"column":null}}]},"4":{"loc":{"start":{"line":52,"column":4},"end":{"line":56,"column":null}},"type":"if","locations":[{"start":{"line":52,"column":4},"end":{"line":56,"column":null}},{"start":{"line":54,"column":11},"end":{"line":56,"column":null}}]},"5":{"loc":{"start":{"line":64,"column":4},"end":{"line":66,"column":null}},"type":"if","locations":[{"start":{"line":64,"column":4},"end":{"line":66,"column":null}}]},"6":{"loc":{"start":{"line":67,"column":4},"end":{"line":69,"column":null}},"type":"if","locations":[{"start":{"line":67,"column":4},"end":{"line":69,"column":null}}]},"7":{"loc":{"start":{"line":70,"column":27},"end":{"line":70,"column":141}},"type":"cond-expr","locations":[{"start":{"line":70,"column":86},"end":{"line":70,"column":125}},{"start":{"line":70,"column":128},"end":{"line":70,"column":141}}]},"8":{"loc":{"start":{"line":76,"column":4},"end":{"line":76,"column":75}},"type":"if","locations":[{"start":{"line":76,"column":4},"end":{"line":76,"column":75}}]},"9":{"loc":{"start":{"line":82,"column":4},"end":{"line":82,"column":75}},"type":"if","locations":[{"start":{"line":82,"column":4},"end":{"line":82,"column":75}}]},"10":{"loc":{"start":{"line":83,"column":4},"end":{"line":83,"column":97}},"type":"if","locations":[{"start":{"line":83,"column":4},"end":{"line":83,"column":97}}]},"11":{"loc":{"start":{"line":89,"column":4},"end":{"line":89,"column":null}},"type":"if","locations":[{"start":{"line":89,"column":4},"end":{"line":89,"column":null}}]},"12":{"loc":{"start":{"line":90,"column":23},"end":{"line":90,"column":129}},"type":"cond-expr","locations":[{"start":{"line":90,"column":78},"end":{"line":90,"column":117}},{"start":{"line":90,"column":120},"end":{"line":90,"column":129}}]},"13":{"loc":{"start":{"line":96,"column":4},"end":{"line":96,"column":null}},"type":"if","locations":[{"start":{"line":96,"column":4},"end":{"line":96,"column":null}}]},"14":{"loc":{"start":{"line":105,"column":4},"end":{"line":105,"column":48}},"type":"if","locations":[{"start":{"line":105,"column":4},"end":{"line":105,"column":48}}]},"15":{"loc":{"start":{"line":106,"column":4},"end":{"line":106,"column":74}},"type":"binary-expr","locations":[{"start":{"line":106,"column":4},"end":{"line":106,"column":29}},{"start":{"line":106,"column":34},"end":{"line":106,"column":73}}]},"16":{"loc":{"start":{"line":118,"column":4},"end":{"line":118,"column":31}},"type":"if","locations":[{"start":{"line":118,"column":4},"end":{"line":118,"column":31}}]}},"s":{"0":1,"1":13,"2":13,"3":13,"4":2,"5":11,"6":1,"7":1,"8":1,"9":1,"10":1,"11":1,"12":10,"13":1,"14":9,"15":9,"16":1,"17":11,"18":1,"19":10,"20":3,"21":7,"22":10,"23":1,"24":3,"25":1,"26":2,"27":1,"28":1,"29":1,"30":1,"31":3,"32":0,"33":3,"34":1,"35":0,"36":0,"37":0,"38":0,"39":0,"40":1,"41":2,"42":0,"43":2,"44":2,"45":1,"46":0,"47":0,"48":0,"49":0,"50":0,"51":0,"52":0,"53":1,"54":0,"55":0,"56":0,"57":1,"58":25,"59":25,"60":1,"61":75,"62":25,"63":25,"64":25,"65":0,"66":0,"67":1},"f":{"0":1,"1":13,"2":1,"3":1,"4":10,"5":11,"6":3,"7":3,"8":0,"9":2,"10":0,"11":0,"12":0,"13":25,"14":25,"15":0},"b":{"0":[2,11],"1":[1],"2":[3,6],"3":[1],"4":[3,7],"5":[1],"6":[1],"7":[0,1],"8":[0],"9":[0],"10":[0],"11":[0],"12":[2,0],"13":[0],"14":[0],"15":[0,0],"16":[25]}}
}
