{"/Users/nicktaras/Documents/github/state-driver/index.ts": {"path":"/Users/nicktaras/Documents/github/state-driver/index.ts","statementMap":{"0":{"start":{"line":2,"column":0},"end":{"line":2,"column":null}},"1":{"start":{"line":10,"column":4},"end":{"line":10,"column":20}},"2":{"start":{"line":11,"column":4},"end":{"line":11,"column":null}},"3":{"start":{"line":12,"column":4},"end":{"line":22,"column":null}},"4":{"start":{"line":13,"column":6},"end":{"line":13,"column":38}},"5":{"start":{"line":15,"column":6},"end":{"line":21,"column":8}},"6":{"start":{"line":26,"column":9},"end":{"line":29,"column":null}},"7":{"start":{"line":27,"column":4},"end":{"line":27,"column":28}},"8":{"start":{"line":28,"column":4},"end":{"line":28,"column":27}},"9":{"start":{"line":32,"column":9},"end":{"line":34,"column":null}},"10":{"start":{"line":33,"column":4},"end":{"line":33,"column":27}},"11":{"start":{"line":37,"column":9},"end":{"line":43,"column":null}},"12":{"start":{"line":37,"column":39},"end":{"line":37,"column":null}},"13":{"start":{"line":38,"column":4},"end":{"line":40,"column":null}},"14":{"start":{"line":39,"column":6},"end":{"line":39,"column":51}},"15":{"start":{"line":41,"column":4},"end":{"line":41,"column":69}},"16":{"start":{"line":42,"column":4},"end":{"line":42,"column":89}},"17":{"start":{"line":47,"column":9},"end":{"line":58,"column":null}},"18":{"start":{"line":48,"column":4},"end":{"line":50,"column":null}},"19":{"start":{"line":49,"column":6},"end":{"line":49,"column":45}},"20":{"start":{"line":51,"column":4},"end":{"line":56,"column":null}},"21":{"start":{"line":52,"column":6},"end":{"line":52,"column":49}},"22":{"start":{"line":54,"column":6},"end":{"line":54,"column":51}},"23":{"start":{"line":55,"column":6},"end":{"line":55,"column":50}},"24":{"start":{"line":57,"column":4},"end":{"line":57,"column":137}},"25":{"start":{"line":63,"column":9},"end":{"line":72,"column":null}},"26":{"start":{"line":64,"column":4},"end":{"line":66,"column":null}},"27":{"start":{"line":65,"column":6},"end":{"line":65,"column":45}},"28":{"start":{"line":67,"column":4},"end":{"line":69,"column":null}},"29":{"start":{"line":68,"column":6},"end":{"line":68,"column":46}},"30":{"start":{"line":70,"column":27},"end":{"line":70,"column":141}},"31":{"start":{"line":71,"column":4},"end":{"line":71,"column":110}},"32":{"start":{"line":74,"column":9},"end":{"line":84,"column":null}},"33":{"start":{"line":75,"column":4},"end":{"line":77,"column":null}},"34":{"start":{"line":76,"column":6},"end":{"line":76,"column":45}},"35":{"start":{"line":78,"column":4},"end":{"line":80,"column":null}},"36":{"start":{"line":79,"column":6},"end":{"line":79,"column":46}},"37":{"start":{"line":81,"column":4},"end":{"line":81,"column":118}},"38":{"start":{"line":82,"column":4},"end":{"line":82,"column":42}},"39":{"start":{"line":83,"column":4},"end":{"line":83,"column":135}},"40":{"start":{"line":87,"column":9},"end":{"line":90,"column":null}},"41":{"start":{"line":88,"column":4},"end":{"line":88,"column":75}},"42":{"start":{"line":88,"column":36},"end":{"line":88,"column":75}},"43":{"start":{"line":89,"column":4},"end":{"line":89,"column":134}},"44":{"start":{"line":93,"column":9},"end":{"line":97,"column":null}},"45":{"start":{"line":94,"column":4},"end":{"line":94,"column":75}},"46":{"start":{"line":94,"column":36},"end":{"line":94,"column":75}},"47":{"start":{"line":95,"column":4},"end":{"line":95,"column":87}},"48":{"start":{"line":95,"column":47},"end":{"line":95,"column":87}},"49":{"start":{"line":96,"column":4},"end":{"line":96,"column":151}},"50":{"start":{"line":100,"column":9},"end":{"line":104,"column":null}},"51":{"start":{"line":101,"column":4},"end":{"line":101,"column":null}},"52":{"start":{"line":101,"column":38},"end":{"line":101,"column":77}},"53":{"start":{"line":102,"column":23},"end":{"line":102,"column":129}},"54":{"start":{"line":103,"column":4},"end":{"line":103,"column":128}},"55":{"start":{"line":107,"column":9},"end":{"line":113,"column":null}},"56":{"start":{"line":107,"column":2},"end":{"line":107,"column":9}},"57":{"start":{"line":108,"column":4},"end":{"line":108,"column":null}},"58":{"start":{"line":108,"column":35},"end":{"line":108,"column":null}},"59":{"start":{"line":109,"column":18},"end":{"line":109,"column":31}},"60":{"start":{"line":111,"column":4},"end":{"line":111,"column":42}},"61":{"start":{"line":112,"column":4},"end":{"line":112,"column":null}},"62":{"start":{"line":112,"column":17},"end":{"line":112,"column":null}},"63":{"start":{"line":116,"column":9},"end":{"line":119,"column":null}},"64":{"start":{"line":117,"column":4},"end":{"line":117,"column":48}},"65":{"start":{"line":117,"column":15},"end":{"line":117,"column":48}},"66":{"start":{"line":118,"column":4},"end":{"line":118,"column":75}},"67":{"start":{"line":122,"column":10},"end":{"line":125,"column":null}},"68":{"start":{"line":123,"column":4},"end":{"line":123,"column":61}},"69":{"start":{"line":124,"column":4},"end":{"line":124,"column":17}},"70":{"start":{"line":128,"column":10},"end":{"line":132,"column":null}},"71":{"start":{"line":128,"column":26},"end":{"line":128,"column":33}},"72":{"start":{"line":129,"column":17},"end":{"line":129,"column":42}},"73":{"start":{"line":130,"column":4},"end":{"line":130,"column":31}},"74":{"start":{"line":130,"column":16},"end":{"line":130,"column":30}},"75":{"start":{"line":131,"column":4},"end":{"line":131,"column":59}},"76":{"start":{"line":131,"column":45},"end":{"line":131,"column":57}},"77":{"start":{"line":134,"column":0},"end":{"line":134,"column":null}}},"fnMap":{"0":{"name":"(anonymous_2)","decl":{"start":{"line":2,"column":0},"end":{"line":2,"column":null}},"loc":{"start":{"line":2,"column":0},"end":{"line":134,"column":null}}},"1":{"name":"StateDriver","decl":{"start":{"line":9,"column":2},"end":{"line":9,"column":14}},"loc":{"start":{"line":9,"column":31},"end":{"line":23,"column":3}}},"2":{"name":"(anonymous_4)","decl":{"start":{"line":26,"column":2},"end":{"line":26,"column":9}},"loc":{"start":{"line":26,"column":26},"end":{"line":29,"column":3}}},"3":{"name":"(anonymous_5)","decl":{"start":{"line":32,"column":2},"end":{"line":32,"column":9}},"loc":{"start":{"line":32,"column":2},"end":{"line":34,"column":3}}},"4":{"name":"(anonymous_6)","decl":{"start":{"line":37,"column":2},"end":{"line":37,"column":9}},"loc":{"start":{"line":37,"column":55},"end":{"line":43,"column":3}}},"5":{"name":"(anonymous_7)","decl":{"start":{"line":47,"column":2},"end":{"line":47,"column":9}},"loc":{"start":{"line":47,"column":53},"end":{"line":58,"column":3}}},"6":{"name":"(anonymous_8)","decl":{"start":{"line":63,"column":2},"end":{"line":63,"column":9}},"loc":{"start":{"line":63,"column":61},"end":{"line":72,"column":3}}},"7":{"name":"(anonymous_9)","decl":{"start":{"line":74,"column":2},"end":{"line":74,"column":9}},"loc":{"start":{"line":74,"column":44},"end":{"line":84,"column":3}}},"8":{"name":"(anonymous_10)","decl":{"start":{"line":87,"column":2},"end":{"line":87,"column":9}},"loc":{"start":{"line":87,"column":39},"end":{"line":90,"column":3}}},"9":{"name":"(anonymous_11)","decl":{"start":{"line":93,"column":2},"end":{"line":93,"column":9}},"loc":{"start":{"line":93,"column":42},"end":{"line":97,"column":3}}},"10":{"name":"(anonymous_12)","decl":{"start":{"line":100,"column":2},"end":{"line":100,"column":9}},"loc":{"start":{"line":100,"column":83},"end":{"line":104,"column":3}}},"11":{"name":"(anonymous_13)","decl":{"start":{"line":107,"column":2},"end":{"line":107,"column":9}},"loc":{"start":{"line":107,"column":29},"end":{"line":113,"column":3}}},"12":{"name":"(anonymous_14)","decl":{"start":{"line":112,"column":11},"end":{"line":112,"column":17}},"loc":{"start":{"line":112,"column":11},"end":{"line":112,"column":21}}},"13":{"name":"(anonymous_15)","decl":{"start":{"line":116,"column":2},"end":{"line":116,"column":9}},"loc":{"start":{"line":116,"column":34},"end":{"line":119,"column":3}}},"14":{"name":"(anonymous_16)","decl":{"start":{"line":122,"column":2},"end":{"line":122,"column":10}},"loc":{"start":{"line":122,"column":68},"end":{"line":125,"column":3}}},"15":{"name":"(anonymous_17)","decl":{"start":{"line":128,"column":2},"end":{"line":128,"column":10}},"loc":{"start":{"line":128,"column":24},"end":{"line":132,"column":3}}},"16":{"name":"(anonymous_18)","decl":{"start":{"line":131,"column":32},"end":{"line":131,"column":33}},"loc":{"start":{"line":131,"column":40},"end":{"line":131,"column":48}}}},"branchMap":{"0":{"loc":{"start":{"line":12,"column":4},"end":{"line":22,"column":null}},"type":"if","locations":[{"start":{"line":12,"column":4},"end":{"line":22,"column":null}},{"start":{"line":14,"column":11},"end":{"line":22,"column":null}}]},"1":{"loc":{"start":{"line":37,"column":39},"end":{"line":37,"column":null}},"type":"if","locations":[{"start":{"line":37,"column":39},"end":{"line":37,"column":null}}]},"2":{"loc":{"start":{"line":38,"column":4},"end":{"line":40,"column":null}},"type":"if","locations":[{"start":{"line":38,"column":4},"end":{"line":40,"column":null}}]},"3":{"loc":{"start":{"line":48,"column":4},"end":{"line":50,"column":null}},"type":"if","locations":[{"start":{"line":48,"column":4},"end":{"line":50,"column":null}}]},"4":{"loc":{"start":{"line":51,"column":4},"end":{"line":56,"column":null}},"type":"if","locations":[{"start":{"line":51,"column":4},"end":{"line":56,"column":null}},{"start":{"line":53,"column":11},"end":{"line":56,"column":null}}]},"5":{"loc":{"start":{"line":64,"column":4},"end":{"line":66,"column":null}},"type":"if","locations":[{"start":{"line":64,"column":4},"end":{"line":66,"column":null}}]},"6":{"loc":{"start":{"line":67,"column":4},"end":{"line":69,"column":null}},"type":"if","locations":[{"start":{"line":67,"column":4},"end":{"line":69,"column":null}}]},"7":{"loc":{"start":{"line":70,"column":27},"end":{"line":70,"column":141}},"type":"cond-expr","locations":[{"start":{"line":70,"column":86},"end":{"line":70,"column":125}},{"start":{"line":70,"column":128},"end":{"line":70,"column":141}}]},"8":{"loc":{"start":{"line":75,"column":4},"end":{"line":77,"column":null}},"type":"if","locations":[{"start":{"line":75,"column":4},"end":{"line":77,"column":null}}]},"9":{"loc":{"start":{"line":78,"column":4},"end":{"line":80,"column":null}},"type":"if","locations":[{"start":{"line":78,"column":4},"end":{"line":80,"column":null}}]},"10":{"loc":{"start":{"line":88,"column":4},"end":{"line":88,"column":75}},"type":"if","locations":[{"start":{"line":88,"column":4},"end":{"line":88,"column":75}}]},"11":{"loc":{"start":{"line":94,"column":4},"end":{"line":94,"column":75}},"type":"if","locations":[{"start":{"line":94,"column":4},"end":{"line":94,"column":75}}]},"12":{"loc":{"start":{"line":95,"column":4},"end":{"line":95,"column":87}},"type":"if","locations":[{"start":{"line":95,"column":4},"end":{"line":95,"column":87}}]},"13":{"loc":{"start":{"line":101,"column":4},"end":{"line":101,"column":null}},"type":"if","locations":[{"start":{"line":101,"column":4},"end":{"line":101,"column":null}}]},"14":{"loc":{"start":{"line":102,"column":23},"end":{"line":102,"column":129}},"type":"cond-expr","locations":[{"start":{"line":102,"column":78},"end":{"line":102,"column":117}},{"start":{"line":102,"column":120},"end":{"line":102,"column":129}}]},"15":{"loc":{"start":{"line":108,"column":4},"end":{"line":108,"column":null}},"type":"if","locations":[{"start":{"line":108,"column":4},"end":{"line":108,"column":null}}]},"16":{"loc":{"start":{"line":117,"column":4},"end":{"line":117,"column":48}},"type":"if","locations":[{"start":{"line":117,"column":4},"end":{"line":117,"column":48}}]},"17":{"loc":{"start":{"line":118,"column":4},"end":{"line":118,"column":74}},"type":"binary-expr","locations":[{"start":{"line":118,"column":4},"end":{"line":118,"column":29}},{"start":{"line":118,"column":34},"end":{"line":118,"column":73}}]},"18":{"loc":{"start":{"line":130,"column":4},"end":{"line":130,"column":31}},"type":"if","locations":[{"start":{"line":130,"column":4},"end":{"line":130,"column":31}}]}},"s":{"0":1,"1":19,"2":19,"3":19,"4":2,"5":17,"6":1,"7":1,"8":1,"9":1,"10":1,"11":1,"12":16,"13":15,"14":1,"15":14,"16":14,"17":1,"18":23,"19":1,"20":22,"21":3,"22":19,"23":19,"24":22,"25":1,"26":3,"27":1,"28":2,"29":1,"30":1,"31":1,"32":1,"33":8,"34":1,"35":7,"36":1,"37":6,"38":6,"39":6,"40":1,"41":6,"42":0,"43":6,"44":1,"45":1,"46":0,"47":1,"48":0,"49":1,"50":1,"51":2,"52":0,"53":2,"54":2,"55":1,"56":0,"57":0,"58":0,"59":0,"60":0,"61":0,"62":0,"63":1,"64":0,"65":0,"66":0,"67":1,"68":52,"69":52,"70":1,"71":156,"72":52,"73":52,"74":52,"75":0,"76":0,"77":1},"f":{"0":1,"1":19,"2":1,"3":1,"4":15,"5":23,"6":3,"7":8,"8":6,"9":1,"10":2,"11":0,"12":0,"13":0,"14":52,"15":52,"16":0},"b":{"0":[2,17],"1":[1],"2":[1],"3":[1],"4":[3,19],"5":[1],"6":[1],"7":[0,1],"8":[1],"9":[1],"10":[0],"11":[0],"12":[0],"13":[0],"14":[2,0],"15":[0],"16":[0],"17":[0,0],"18":[52]}}
}
