TN:
SF:index.ts
FN:2,(anonymous_2)
FN:10,StateDriver
FN:27,(anonymous_4)
FN:33,(anonymous_5)
FN:38,(anonymous_6)
FN:48,(anonymous_7)
FN:63,(anonymous_8)
FN:75,(anonymous_9)
FN:81,(anonymous_10)
FN:88,(anonymous_11)
FN:95,(anonymous_12)
FN:100,(anonymous_13)
FN:104,(anonymous_14)
FN:110,(anonymous_15)
FN:116,(anonymous_16)
FN:119,(anonymous_17)
FNF:16
FNH:11
FNDA:1,(anonymous_2)
FNDA:13,StateDriver
FNDA:1,(anonymous_4)
FNDA:1,(anonymous_5)
FNDA:10,(anonymous_6)
FNDA:11,(anonymous_7)
FNDA:3,(anonymous_8)
FNDA:3,(anonymous_9)
FNDA:0,(anonymous_10)
FNDA:2,(anonymous_11)
FNDA:0,(anonymous_12)
FNDA:0,(anonymous_13)
FNDA:0,(anonymous_14)
FNDA:25,(anonymous_15)
FNDA:25,(anonymous_16)
FNDA:0,(anonymous_17)
DA:2,1
DA:11,13
DA:12,13
DA:13,13
DA:14,2
DA:16,11
DA:27,1
DA:28,1
DA:29,1
DA:33,1
DA:34,1
DA:38,1
DA:39,10
DA:40,1
DA:42,9
DA:43,9
DA:48,1
DA:49,11
DA:50,1
DA:52,10
DA:53,3
DA:55,7
DA:57,10
DA:63,1
DA:64,3
DA:65,1
DA:67,2
DA:68,1
DA:70,1
DA:71,1
DA:75,1
DA:76,3
DA:77,3
DA:81,1
DA:82,0
DA:83,0
DA:84,0
DA:88,1
DA:89,2
DA:90,2
DA:91,2
DA:95,1
DA:96,0
DA:97,0
DA:99,0
DA:100,0
DA:104,1
DA:105,0
DA:106,0
DA:110,1
DA:111,25
DA:112,25
DA:116,75
DA:117,25
DA:118,25
DA:119,0
DA:122,1
LF:57
LH:47
BRDA:13,0,0,2
BRDA:13,0,1,11
BRDA:39,1,0,1
BRDA:42,2,0,3
BRDA:42,2,1,6
BRDA:49,3,0,1
BRDA:52,4,0,3
BRDA:52,4,1,7
BRDA:64,5,0,1
BRDA:67,6,0,1
BRDA:70,7,0,0
BRDA:70,7,1,1
BRDA:76,8,0,0
BRDA:82,9,0,0
BRDA:83,10,0,0
BRDA:89,11,0,0
BRDA:90,12,0,2
BRDA:90,12,1,0
BRDA:96,13,0,0
BRDA:105,14,0,0
BRDA:106,15,0,0
BRDA:106,15,1,0
BRDA:118,16,0,25
BRF:23
BRH:13
end_of_record
