TN:
SF:index.ts
FN:2,(anonymous_2)
FN:9,StateDriver
FN:26,(anonymous_4)
FN:32,(anonymous_5)
FN:37,(anonymous_6)
FN:47,(anonymous_7)
FN:63,(anonymous_8)
FN:74,(anonymous_9)
FN:87,(anonymous_10)
FN:93,(anonymous_11)
FN:100,(anonymous_12)
FN:107,(anonymous_13)
FN:112,(anonymous_14)
FN:116,(anonymous_15)
FN:122,(anonymous_16)
FN:128,(anonymous_17)
FN:131,(anonymous_18)
FNF:17
FNH:13
FNDA:1,(anonymous_2)
FNDA:19,StateDriver
FNDA:1,(anonymous_4)
FNDA:1,(anonymous_5)
FNDA:15,(anonymous_6)
FNDA:23,(anonymous_7)
FNDA:3,(anonymous_8)
FNDA:8,(anonymous_9)
FNDA:6,(anonymous_10)
FNDA:1,(anonymous_11)
FNDA:2,(anonymous_12)
FNDA:0,(anonymous_13)
FNDA:0,(anonymous_14)
FNDA:0,(anonymous_15)
FNDA:52,(anonymous_16)
FNDA:52,(anonymous_17)
FNDA:0,(anonymous_18)
DA:2,1
DA:10,19
DA:11,19
DA:12,19
DA:13,2
DA:15,17
DA:26,1
DA:27,1
DA:28,1
DA:32,1
DA:33,1
DA:37,16
DA:38,15
DA:39,1
DA:41,14
DA:42,14
DA:47,1
DA:48,23
DA:49,1
DA:51,22
DA:52,3
DA:54,19
DA:55,19
DA:57,22
DA:63,1
DA:64,3
DA:65,1
DA:67,2
DA:68,1
DA:70,1
DA:71,1
DA:74,1
DA:75,8
DA:76,1
DA:78,7
DA:79,1
DA:81,6
DA:82,6
DA:83,6
DA:87,1
DA:88,6
DA:89,6
DA:93,1
DA:94,1
DA:95,1
DA:96,1
DA:100,1
DA:101,2
DA:102,2
DA:103,2
DA:107,1
DA:108,0
DA:109,0
DA:111,0
DA:112,0
DA:116,1
DA:117,0
DA:118,0
DA:122,1
DA:123,52
DA:124,52
DA:128,156
DA:129,52
DA:130,52
DA:131,0
DA:134,1
LF:66
LH:59
BRDA:12,0,0,2
BRDA:12,0,1,17
BRDA:37,1,0,1
BRDA:38,2,0,1
BRDA:48,3,0,1
BRDA:51,4,0,3
BRDA:51,4,1,19
BRDA:64,5,0,1
BRDA:67,6,0,1
BRDA:70,7,0,0
BRDA:70,7,1,1
BRDA:75,8,0,1
BRDA:78,9,0,1
BRDA:88,10,0,0
BRDA:94,11,0,0
BRDA:95,12,0,0
BRDA:101,13,0,0
BRDA:102,14,0,2
BRDA:102,14,1,0
BRDA:108,15,0,0
BRDA:117,16,0,0
BRDA:118,17,0,0
BRDA:118,17,1,0
BRDA:130,18,0,52
BRF:24
BRH:14
end_of_record
